2018-12-20 14:18:44 info: logger setup and running
2018-12-20 14:18:44 info: Authentication required loaded
2018-12-20 14:18:45 info: Database connected successfully
2018-12-20 14:18:45 info: Middleware loaded
2018-12-20 14:18:45 info: Routes in place
2018-12-20 14:18:45 info: Server started on port 80
2018-12-20 14:20:26 info: logger setup and running
2018-12-20 14:20:27 info: Authentication required loaded
2018-12-20 14:20:27 info: Database connected successfully
2018-12-20 14:20:27 info: Middleware loaded
2018-12-20 14:20:27 info: Routes in place
2018-12-20 14:20:27 info: Server started on port 80
2018-12-20 14:24:24 info: logger setup and running
2018-12-20 14:24:25 info: Authentication required loaded
2018-12-20 14:24:25 info: Database connected successfully
2018-12-20 14:24:25 info: Middleware loaded
2018-12-20 14:24:26 info: Routes in place
2018-12-20 14:24:29 info: logger setup and running
2018-12-20 14:24:30 info: Authentication required loaded
2018-12-20 14:24:30 info: Database connected successfully
2018-12-20 14:24:30 info: Middleware loaded
2018-12-20 14:24:30 info: Routes in place
2018-12-20 14:29:15 info: logger setup and running
2018-12-20 14:29:15 info: Authentication required loaded
2018-12-20 14:29:16 info: Database connected successfully
2018-12-20 14:29:16 info: Middleware loaded
2018-12-20 14:29:16 info: Routes in place
2018-12-20 14:29:16 info: Server started on port 80
2018-12-20 14:30:21 info: logger setup and running
2018-12-20 14:30:21 info: Authentication required loaded
2018-12-20 14:30:22 info: Database connected successfully
2018-12-20 14:30:22 info: Middleware loaded
2018-12-20 14:30:22 info: Routes in place
2018-12-20 14:30:22 info: Server started on port 80
2018-12-20 14:32:30 info: logger setup and running
2018-12-20 14:32:30 info: Authentication required loaded
2018-12-20 14:32:31 info: Database connected successfully
2018-12-20 14:32:31 info: Middleware loaded
2018-12-20 14:32:31 info: Routes in place
2018-12-20 14:32:31 info: Server started on port 80
2018-12-20 14:34:26 info: logger setup and running
2018-12-20 14:34:27 info: Authentication required loaded
2018-12-20 14:34:27 info: Database connected successfully
2018-12-20 14:34:27 info: Middleware loaded
2018-12-20 14:34:28 info: Routes in place
2018-12-20 14:34:28 info: Server started on port 80
2018-12-20 14:34:57 info: logger setup and running
2018-12-20 14:34:57 info: Authentication required loaded
2018-12-20 14:34:58 info: Database connected successfully
2018-12-20 14:34:58 info: Middleware loaded
2018-12-20 14:34:58 info: Routes in place
2018-12-20 14:34:58 info: Server started on port 80
2018-12-20 14:35:09 info: logger setup and running
2018-12-20 14:35:10 info: Authentication required loaded
2018-12-20 14:35:11 info: Database connected successfully
2018-12-20 14:35:11 info: Middleware loaded
2018-12-20 14:35:11 info: Routes in place
2018-12-20 14:35:11 info: Server started on port 80
2018-12-20 14:37:08 info: logger setup and running
2018-12-20 14:37:09 info: Authentication required loaded
2018-12-20 14:37:09 info: Database connected successfully
2018-12-20 14:37:09 info: Middleware loaded
2018-12-20 14:37:10 info: Routes in place
2018-12-20 14:37:10 info: Server started on port 80
2018-12-20 14:37:25 info: logger setup and running
2018-12-20 14:37:26 info: Authentication required loaded
2018-12-20 14:37:27 info: Database connected successfully
2018-12-20 14:37:27 info: Middleware loaded
2018-12-20 14:37:27 info: Routes in place
2018-12-20 14:37:27 info: Server started on port 80
2018-12-20 14:37:50 info: logger setup and running
2018-12-20 14:37:50 info: Authentication required loaded
2018-12-20 14:37:51 info: Database connected successfully
2018-12-20 14:37:51 info: Middleware loaded
2018-12-20 14:37:51 info: Routes in place
2018-12-20 14:37:51 info: Server started on port 80
2018-12-20 14:43:57 info: logger setup and running
2018-12-20 14:43:58 info: Authentication required loaded
2018-12-20 14:43:58 info: Database connected successfully
2018-12-20 14:43:58 info: Middleware loaded
2018-12-20 14:43:58 info: Routes in place
2018-12-20 14:43:58 info: Server started on port 80
2018-12-20 14:45:04 info: logger setup and running
2018-12-20 14:45:05 info: Authentication required loaded
2018-12-20 14:45:05 info: Database connected successfully
2018-12-20 14:45:05 info: Middleware loaded
2018-12-20 14:45:05 info: Routes in place
2018-12-20 14:45:05 info: Server started on port 80
2018-12-20 14:45:46 info: logger setup and running
2018-12-20 14:45:47 info: Authentication required loaded
2018-12-20 14:45:47 info: Database connected successfully
2018-12-20 14:45:47 info: Middleware loaded
2018-12-20 14:45:47 info: Routes in place
2018-12-20 14:45:47 info: Server started on port 80
2018-12-20 14:45:50 info: Request
2018-12-20 14:47:55 info: logger setup and running
2018-12-20 14:47:55 info: Authentication required loaded
2018-12-20 14:47:56 info: Database connected successfully
2018-12-20 14:47:56 info: Middleware loaded
2018-12-20 14:47:56 info: Routes in place
2018-12-20 14:47:56 info: Server started on port 80
2018-12-20 14:47:59 info: GETRequest
2018-12-20 14:48:39 info: logger setup and running
2018-12-20 14:48:40 info: Authentication required loaded
2018-12-20 14:48:40 info: Database connected successfully
2018-12-20 14:48:40 info: Middleware loaded
2018-12-20 14:48:40 info: Routes in place
2018-12-20 14:48:41 info: Server started on port 80
2018-12-20 14:48:42 info: GET / Request
2018-12-20 14:49:22 info: logger setup and running
2018-12-20 14:49:22 info: Authentication required loaded
2018-12-20 14:49:23 info: Database connected successfully
2018-12-20 14:49:23 info: Middleware loaded
2018-12-20 14:49:23 info: Routes in place
2018-12-20 14:49:23 info: Server started on port 80
2018-12-20 14:49:24 info: GET Request at path: /
2018-12-20 14:50:01 info: logger setup and running
2018-12-20 14:50:02 info: Authentication required loaded
2018-12-20 14:50:03 info: Database connected successfully
2018-12-20 14:50:03 info: Middleware loaded
2018-12-20 14:50:03 info: Routes in place
2018-12-20 14:50:03 info: Server started on port 80
2018-12-20 14:50:03 info: Request method GET at path: /
2018-12-20 14:50:37 info: logger setup and running
2018-12-20 14:50:37 info: Authentication required loaded
2018-12-20 14:50:38 info: Database connected successfully
2018-12-20 14:50:38 info: Middleware loaded
2018-12-20 14:50:38 info: Routes in place
2018-12-20 14:50:38 info: Server started on port 80
2018-12-20 14:55:35 info: Request method GET at path: /
2018-12-20 14:55:35 info: Request method GET at path: /
2018-12-20 14:55:36 info: Request method POST at path: /
2018-12-20 14:55:36 info: Request method GET at path: /
2018-12-20 14:55:37 info: Request method GET at path: /
2018-12-20 14:55:37 info: Request method GET at path: /
2018-12-20 14:55:37 info: Request method GET at path: /
2018-12-20 14:55:38 info: Request method GET at path: /
2018-12-20 14:55:40 info: Request method GET at path: /
2018-12-20 14:55:40 info: Request method GET at path: /
2018-12-20 14:55:40 info: Request method GET at path: /
2018-12-20 14:55:41 info: Request method POST at path: /
2018-12-20 14:55:41 info: Request method GET at path: /
2018-12-20 14:55:41 info: Request method GET at path: /
2018-12-20 14:55:42 info: Request method GET at path: /
2018-12-20 14:55:42 info: Request method GET at path: /
2018-12-20 14:55:42 info: Request method GET at path: /
2018-12-20 14:56:03 info: Request method GET at path: /
2018-12-20 14:56:03 info: Request method GET at path: /
2018-12-20 14:56:16 info: Request method GET at path: /
2018-12-20 14:56:16 info: Request method GET at path: /
2018-12-20 14:57:18 info: logger setup and running
2018-12-20 14:57:18 info: Authentication required loaded
2018-12-20 14:57:19 info: Database connected successfully
2018-12-20 14:57:19 info: Middleware loaded
2018-12-20 14:57:19 info: Routes in place
2018-12-20 14:57:19 info: Server started on port 80
2018-12-20 14:57:24 info: Request method GET at path: /
2018-12-20 14:57:24 info: Request method GET at path: /
2018-12-20 14:57:35 info: Request method GET at path: /
2018-12-20 14:57:35 info: Not found
2018-12-20 14:57:35 info: Request method GET at path: /
2018-12-20 14:58:45 info: logger setup and running
2018-12-20 14:58:45 info: Authentication required loaded
2018-12-20 14:58:46 info: Database connected successfully
2018-12-20 14:58:46 info: Middleware loaded
2018-12-20 14:58:46 info: Routes in place
2018-12-20 14:58:46 info: Server started on port 80
2018-12-20 14:58:54 info: Request method GET at path: /
2018-12-20 14:58:54 info: Request method GET at path: /
2018-12-20 14:58:55 info: Request method GET at path: /
2018-12-20 14:59:35 info: logger setup and running
2018-12-20 14:59:35 info: Authentication required loaded
2018-12-20 14:59:36 info: Database connected successfully
2018-12-20 14:59:36 info: Middleware loaded
2018-12-20 14:59:36 info: Routes in place
2018-12-20 14:59:36 info: Server started on port 80
2018-12-20 14:59:38 info: Request method GET at path: /
2018-12-20 14:59:38 info: 1. IP ::1 GET /users/login
2018-12-20 14:59:38 info: Request method GET at path: /
2018-12-20 14:59:38 info: 2. IP ::1 GET /css/theme.css
2018-12-20 14:59:41 info: Request method GET at path: /
2018-12-20 14:59:41 info: 3. IP ::1 GET /users/login
2018-12-20 14:59:41 info: Request method GET at path: /
2018-12-20 14:59:41 info: 4. IP ::1 GET /css/theme.css
2018-12-20 15:00:54 info: logger setup and running
2018-12-20 15:00:55 info: Authentication required loaded
2018-12-20 15:00:56 info: Database connected successfully
2018-12-20 15:00:56 info: Middleware loaded
2018-12-20 15:00:56 info: Routes in place
2018-12-20 15:00:56 info: Server started on port 80
2018-12-20 15:01:41 info: logger setup and running
2018-12-20 15:01:42 info: Authentication required loaded
2018-12-20 15:01:43 info: Database connected successfully
2018-12-20 15:01:43 info: Middleware loaded
2018-12-20 15:01:43 info: Routes in place
2018-12-20 15:01:43 info: Server started on port 80
2018-12-20 15:02:03 info: Request method GET at path: /
2018-12-20 15:02:03 info: Request method GET at path: /users/login
2018-12-20 15:02:03 info: Request method GET at path: /
2018-12-20 15:02:03 info: Request method GET at path: /css/theme.css
2018-12-20 15:02:04 info: Request method POST at path: /
2018-12-20 15:02:04 info: Request method POST at path: /users/login
2018-12-20 15:02:05 info: Request method GET at path: /
2018-12-20 15:02:05 info: Request method GET at path: /
2018-12-20 15:02:05 info: Request method GET at path: /
2018-12-20 15:02:05 info: Request method GET at path: /css/theme.css
2018-12-20 15:02:06 info: Request method GET at path: /
2018-12-20 15:02:06 info: Request method GET at path: /users/logout
2018-12-20 15:02:06 info: Request method GET at path: /
2018-12-20 15:02:06 info: Request method GET at path: /users/login
2018-12-20 15:02:06 info: Request method GET at path: /
2018-12-20 15:02:06 info: Request method GET at path: /css/theme.css
2018-12-20 15:02:57 info: logger setup and running
2018-12-20 15:02:57 info: Authentication required loaded
2018-12-20 15:02:58 info: Database connected successfully
2018-12-20 15:02:58 info: Middleware loaded
2018-12-20 15:02:58 info: Routes in place
2018-12-20 15:02:58 info: Server started on port 80
2018-12-20 15:03:04 info: Request method GET at path: /
2018-12-20 15:03:38 info: logger setup and running
2018-12-20 15:03:38 info: Authentication required loaded
2018-12-20 15:03:39 info: Database connected successfully
2018-12-20 15:03:39 info: Middleware loaded
2018-12-20 15:03:39 info: Routes in place
2018-12-20 15:03:39 info: Server started on port 80
2018-12-20 15:03:42 info: Request method GET at path: /
2018-12-20 15:03:44 info: Request method GET at path: /
2018-12-20 15:03:45 info: Request method GET at path: /
2018-12-20 15:03:45 info: Request method GET at path: /
2018-12-20 15:03:57 info: logger setup and running
2018-12-20 15:03:57 info: Authentication required loaded
2018-12-20 15:03:58 info: Database connected successfully
2018-12-20 15:03:58 info: Middleware loaded
2018-12-20 15:03:59 info: Routes in place
2018-12-20 15:03:59 info: Server started on port 80
2018-12-20 15:04:01 info: Request method GET at path: /
2018-12-20 15:04:01 info: 1Request method GET at path: /users/login
2018-12-20 15:04:02 info: Request method GET at path: /
2018-12-20 15:04:02 info: 2Request method GET at path: /css/theme.css
2018-12-20 15:04:27 info: logger setup and running
2018-12-20 15:04:27 info: Authentication required loaded
2018-12-20 15:04:28 info: Database connected successfully
2018-12-20 15:04:28 info: Middleware loaded
2018-12-20 15:04:28 info: Routes in place
2018-12-20 15:04:28 info: Server started on port 80
2018-12-20 15:04:30 info: Request method GET at path: /
2018-12-20 15:04:30 info: 1 - Request method GET at path: /users/login
2018-12-20 15:04:30 info: Request method GET at path: /
2018-12-20 15:04:30 info: 2 - Request method GET at path: /css/theme.css
2018-12-20 15:04:57 info: logger setup and running
2018-12-20 15:04:57 info: Authentication required loaded
2018-12-20 15:04:58 info: Database connected successfully
2018-12-20 15:04:58 info: Middleware loaded
2018-12-20 15:04:58 info: Routes in place
2018-12-20 15:04:58 info: Server started on port 80
2018-12-20 15:05:06 info: logger setup and running
2018-12-20 15:05:06 info: Authentication required loaded
2018-12-20 15:05:07 info: Database connected successfully
2018-12-20 15:05:07 info: Middleware loaded
2018-12-20 15:05:07 info: Routes in place
2018-12-20 15:05:07 info: Server started on port 80
2018-12-20 15:08:14 info: logger setup and running
2018-12-20 15:08:14 info: Authentication required loaded
2018-12-20 15:08:15 info: Database connected successfully
2018-12-20 15:08:15 info: Middleware loaded
2018-12-20 15:08:15 info: Routes in place
2018-12-20 15:08:15 info: Server started on port 80
2018-12-20 15:10:56 info: logger setup and running
2018-12-20 15:10:56 info: Authentication required loaded
2018-12-20 15:10:57 info: Database connected successfully
2018-12-20 15:10:57 info: Middleware loaded
2018-12-20 15:10:57 info: Routes in place
2018-12-20 15:10:57 info: Server started on port 80
2018-12-20 15:11:02 info: logger setup and running
2018-12-20 15:11:02 info: Authentication required loaded
2018-12-20 15:11:03 info: Database connected successfully
2018-12-20 15:11:03 info: Middleware loaded
2018-12-20 15:11:03 info: Routes in place
2018-12-20 15:11:03 info: Server started on port 80
2018-12-20 15:11:34 info: logger setup and running
2018-12-20 15:11:34 info: Authentication required loaded
2018-12-20 15:11:35 info: Database connected successfully
2018-12-20 15:11:35 info: Middleware loaded
2018-12-20 15:11:35 info: Routes in place
2018-12-20 15:11:35 info: Server started on port 80
2018-12-20 15:11:39 info: 1 - Request method GET at path: /users/login
2018-12-20 15:11:39 info: 2 - Request method GET at path: /css/theme.css
2018-12-20 15:13:39 info: logger setup and running
2018-12-20 15:13:39 info: Authentication required loaded
2018-12-20 15:13:40 info: Database connected successfully
2018-12-20 15:13:40 info: Middleware loaded
2018-12-20 15:13:40 info: Routes in place
2018-12-20 15:13:40 info: Server started on port 80
2018-12-20 15:14:04 info: logger setup and running
2018-12-20 15:14:04 info: Authentication required loaded
2018-12-20 15:14:05 info: Database connected successfully
2018-12-20 15:14:05 info: Middleware loaded
2018-12-20 15:14:05 info: Routes in place
2018-12-20 15:14:05 info: Server started on port 80
2018-12-20 15:15:08 info: logger setup and running
2018-12-20 15:15:08 info: Authentication required loaded
2018-12-20 15:15:09 info: Database connected successfully
2018-12-20 15:15:09 info: Middleware loaded
2018-12-20 15:15:09 info: Routes in place
2018-12-20 15:15:09 info: Server started on port 80
2018-12-20 15:15:54 info: logger setup and running
2018-12-20 15:15:54 info: Authentication required loaded
2018-12-20 15:15:55 info: Database connected successfully
2018-12-20 15:15:55 info: Middleware loaded
2018-12-20 15:15:55 info: Routes in place
2018-12-20 15:15:55 info: Server started on port 80
2018-12-20 15:16:02 info: 1 - Request method GET at path: /users/login
2018-12-20 15:16:02 info: 2 - Request method GET at path: /css/theme.css
